<?xml version="1.0" encoding="UTF-8"?>
<!-- Generated by org.testng.reporters.JUnitReportReporter -->
<testsuite hostname="LAPTOP-55U1L3LS" failures="0" tests="4" name="com.BW.qa.testcases.LoginTest" time="51.439" errors="0" timestamp="2023-03-25T15:32:18 IST" skipped="0">
  <testcase classname="com.BW.qa.testcases.LoginTest" name="Logintest" time="13.369"/>
  <system-out/>
  <testcase classname="com.BW.qa.testcases.LoginTest" name="URL" time="13.409"/>
  <system-out/>
  <testcase classname="com.BW.qa.testcases.LoginTest" name="MultiUserLogin" time="11.811"/>
  <system-out/>
  <testcase classname="com.BW.qa.testcases.LoginTest" name="MultiUserLogin" time="12.850"/>
  <system-out/>
</testsuite> <!-- com.BW.qa.testcases.LoginTest -->
