<?xml version="1.0" encoding="UTF-8"?>
<!-- Generated by org.testng.reporters.JUnitReportReporter -->
<testsuite hostname="LAPTOP-55U1L3LS" failures="0" tests="1" name="com.BW.qa.testcases.HomePageTest" time="42.079" errors="0" timestamp="2023-03-15T15:22:16 IST" skipped="0">
  <testcase classname="com.BW.qa.testcases.HomePageTest" name="hometest" time="42.079"/>
  <system-out/>
</testsuite> <!-- com.BW.qa.testcases.HomePageTest -->
