<?xml version="1.0" encoding="UTF-8"?>
<!-- Generated by org.testng.reporters.JUnitReportReporter -->
<testsuite hostname="LAPTOP-55U1L3LS" failures="0" tests="1" name="com.BW.qa.testcases.OrderBookTest" time="71.216" errors="0" timestamp="2023-03-23T12:25:45 IST" skipped="0">
  <testcase classname="com.BW.qa.testcases.OrderBookTest" name="hometest" time="71.216"/>
  <system-out/>
</testsuite> <!-- com.BW.qa.testcases.OrderBookTest -->
