<?xml version="1.0" encoding="UTF-8"?>
<!-- Generated by org.testng.reporters.JUnitReportReporter -->
<testsuite hostname="LAPTOP-55U1L3LS" failures="0" tests="1" name="com.BW.qa.testcases.ForgetPassTest" time="23.031" errors="0" timestamp="2023-03-25T15:36:14 IST" skipped="0">
  <testcase classname="com.BW.qa.testcases.ForgetPassTest" name="forgetPasstest" time="23.031"/>
  <system-out/>
</testsuite> <!-- com.BW.qa.testcases.ForgetPassTest -->
